[ 12%] [32m[1mLinking CXX executable demo01_talk_str[0m
[ 25%] [32m[1mLinking CXX executable demo02_listen_str[0m
[ 37%] [32mBuilding CXX object CMakeFiles/demo04_listen_stu.dir/src/demo04_listen_stu.cpp.o[0m
[ 50%] [32mBuilding CXX object CMakeFiles/demo03_talker_stu.dir/src/demo03_talk_stu.cpp.o[0m
[ 62%] Built target demo01_talk_str
[ 75%] Built target demo02_listen_str
[01m[K/home/y/lxy_ROS2/ROS2_git/src/pk02_topic_cpp/src/demo04_listen_stu.cpp:17:36:[m[K [01;31m[Kerror: [m[Kâ€˜[01m[K_1[m[Kâ€™ is not a namespace-name
   17 | using namespace std::placeholders::[01;31m[K_1[m[K;
      |                                    [01;31m[K^~[m[K
In file included from [01m[K/opt/ros/humble/include/rclcpp/rclcpp/logging.hpp:24[m[K,
                 from [01m[K/opt/ros/humble/include/rclcpp/rclcpp/client.hpp:40[m[K,
                 from [01m[K/opt/ros/humble/include/rclcpp/rclcpp/callback_group.hpp:24[m[K,
                 from [01m[K/opt/ros/humble/include/rclcpp/rclcpp/any_executable.hpp:20[m[K,
                 from [01m[K/opt/ros/humble/include/rclcpp/rclcpp/memory_strategy.hpp:25[m[K,
                 from [01m[K/opt/ros/humble/include/rclcpp/rclcpp/memory_strategies.hpp:18[m[K,
                 from [01m[K/opt/ros/humble/include/rclcpp/rclcpp/executor_options.hpp:20[m[K,
                 from [01m[K/opt/ros/humble/include/rclcpp/rclcpp/executor.hpp:37[m[K,
                 from [01m[K/opt/ros/humble/include/rclcpp/rclcpp/executors/multi_threaded_executor.hpp:25[m[K,
                 from [01m[K/opt/ros/humble/include/rclcpp/rclcpp/executors.hpp:21[m[K,
                 from [01m[K/opt/ros/humble/include/rclcpp/rclcpp/rclcpp.hpp:155[m[K,
                 from [01m[K/home/y/lxy_ROS2/ROS2_git/src/pk02_topic_cpp/src/demo04_listen_stu.cpp:14[m[K:
[01m[K/home/y/lxy_ROS2/ROS2_git/src/pk02_topic_cpp/src/demo04_listen_stu.cpp:[m[K In member function â€˜[01m[Kvoid ListenStu::topic_callback(const Student&) const[m[Kâ€™:
[01m[K/home/y/lxy_ROS2/ROS2_git/src/pk02_topic_cpp/src/demo04_listen_stu.cpp:36:45:[m[K [01;35m[Kwarning: [m[Kformat â€˜[01m[K%f[m[Kâ€™ expects a matching â€˜[01m[Kdouble[m[Kâ€™ argument [[01;35m[K]8;;https://gcc.gnu.org/onlinedocs/gcc/Warning-Options.html#index-Wformat=-Wformat=]8;;[m[K]
   36 |             RCLCPP_INFO(this->get_logger(), [01;35m[K"è®¢é˜…çš„å­¦ç”Ÿæ¶ˆæ¯ï¼šname=%s,age=%d,height=%.2f,weight=%.2f"[m[K,msg.name.c_str(),msg.age,msg.height);
      |                                             [01;35m[K^~~~~~~~~~~~~~~~~~~~~~~~~~~~~~~~~~~~~~~~~~~~~~~~~~~~~~~~[m[K
[01m[K/home/y/lxy_ROS2/ROS2_git/src/pk02_topic_cpp/src/demo04_listen_stu.cpp:36:99:[m[K [01;36m[Knote: [m[Kformat string is defined here
   36 |             RCLCPP_INFO(this->get_logger(), "è®¢é˜…çš„å­¦ç”Ÿæ¶ˆæ¯ï¼šname=%s,age=%d,height=%.2f,weight=[01;36m[K%.2f[m[K",msg.name.c_str(),msg.age,msg.height);
      |                                                                                                [01;36m[K~~~^[m[K
      |                                                                                                   [01;36m[K|[m[K
      |                                                                                                   [01;36m[Kdouble[m[K
[ 87%] [32m[1mLinking CXX executable demo03_talker_stu[0m
[ 87%] Built target demo03_talker_stu
gmake[2]: *** [CMakeFiles/demo04_listen_stu.dir/build.make:76ï¼šCMakeFiles/demo04_listen_stu.dir/src/demo04_listen_stu.cpp.o] é”™è¯¯ 1
gmake[1]: *** [CMakeFiles/Makefile2:221ï¼šCMakeFiles/demo04_listen_stu.dir/all] é”™è¯¯ 2
gmake: *** [Makefile:146ï¼šall] é”™è¯¯ 2
