[0.017s] Invoking command in '/home/y/lxy_ROS2/ROS2_git/build/pk03_service_cpp': CMAKE_PREFIX_PATH=/home/y/lxy_ROS2/ROS2_git/install/base_interface_demo:/home/y/lxy_ROS2/ROS2_git/src/install/pk03_service_cpp:/home/y/lxy_ROS2/ROS2_git/src/install/base_interface_demo:/home/y/lxy_ROS2/ROS2_git/install/pkg01_hello_cpp:/home/y/lxy_ROS2/ROS2_git/install/pk02_topic_cpp:/home/y/ROS2_Realman/install/rm_example:/home/y/ROS2_Realman/install/rm_driver:/home/y/ROS2_Realman/install/rm_control:/home/y/ROS2_Realman/install/get_arm_state:/home/y/ROS2_Realman/install/force_position_control:/home/y/ROS2_Realman/install/control_arm_move:/home/y/ROS2_Realman/install/rm_ros_interfaces:/home/y/ROS2_Realman/install/rm_install:/home/y/ROS2_Realman/install/rm_gen72_config:/home/y/ROS2_Realman/install/rm_gazebo:/home/y/ROS2_Realman/install/rm_eco65_config:/home/y/ROS2_Realman/install/rm_eco63_config:/home/y/ROS2_Realman/install/rm_doc:/home/y/ROS2_Realman/install/rm_75_config:/home/y/ROS2_Realman/install/rm_63_config:/home/y/ROS2_Realman/install/rm_description:/home/y/ROS2_Realman/install/rm_bringup:/home/y/ROS2_Realman/install/rm_65_config:/home/y/lxy_ROS2/ws00_helloworld/install/pkg01_helloworld_cpp:/home/y/lxy_ROS2/ws00_helloworld/install/pkg02_helloworld_py:/opt/ros/humble LD_LIBRARY_PATH=/home/y/lxy_ROS2/ROS2_git/install/base_interface_demo/lib:/home/y/lxy_ROS2/ROS2_git/src/install/base_interface_demo/lib:/home/y/ROS2_Realman/install/rm_ros_interfaces/lib:/usr/lib/x86_64-linux-gnu/gazebo-11/plugins:/opt/ros/humble/opt/rviz_ogre_vendor/lib:/opt/ros/humble/lib/x86_64-linux-gnu:/opt/ros/humble/lib:/usr/local/lib/ /usr/local/bin/cmake --build /home/y/lxy_ROS2/ROS2_git/build/pk03_service_cpp -- -j4 -l4
[0.045s] [ 25%] [32mBuilding CXX object CMakeFiles/demo01_service.dir/src/demo01_service.cpp.o[0m
[0.047s] [ 50%] [32mBuilding CXX object CMakeFiles/demo02_client.dir/src/demo02_client.cpp.o[0m
[1.616s] [01m[K/home/y/lxy_ROS2/ROS2_git/src/pk03_service_cpp/src/demo01_service.cpp:[m[K In member function ‚Äò[01m[Kvoid MinimalService::add(base_interface_demo::srv::AddInts_Request_<std::allocator<void> >::SharedPtr, base_interface_demo::srv::AddInts_Response_<std::allocator<void> >::SharedPtr)[m[K‚Äô:
[1.616s] [01m[K/home/y/lxy_ROS2/ROS2_git/src/pk03_service_cpp/src/demo01_service.cpp:34:35:[m[K [01;31m[Kerror: [m[K‚Äò[01m[Kusing element_type = struct base_interface_demo::srv::AddInts_Request_<std::allocator<void> >[m[K‚Äô {aka ‚Äò[01m[Kstruct base_interface_demo::srv::AddInts_Request_<std::allocator<void> >[m[K‚Äô} has no member named ‚Äò[01m[Knum2[m[K‚Äô; did you mean ‚Äò[01m[Knum1[m[K‚Äô?
[1.616s]    34 |       res->sum = req->num1 + req->[01;31m[Knum2[m[K;
[1.616s]       |                                   [01;31m[K^~~~[m[K
[1.616s]       |                                   [32m[Knum1[m[K
[1.616s] In file included from [01m[K/opt/ros/humble/include/rclcpp/rclcpp/logging.hpp:24[m[K,
[1.616s]                  from [01m[K/opt/ros/humble/include/rclcpp/rclcpp/client.hpp:40[m[K,
[1.616s]                  from [01m[K/opt/ros/humble/include/rclcpp/rclcpp/callback_group.hpp:24[m[K,
[1.616s]                  from [01m[K/opt/ros/humble/include/rclcpp/rclcpp/any_executable.hpp:20[m[K,
[1.616s]                  from [01m[K/opt/ros/humble/include/rclcpp/rclcpp/memory_strategy.hpp:25[m[K,
[1.616s]                  from [01m[K/opt/ros/humble/include/rclcpp/rclcpp/memory_strategies.hpp:18[m[K,
[1.616s]                  from [01m[K/opt/ros/humble/include/rclcpp/rclcpp/executor_options.hpp:20[m[K,
[1.616s]                  from [01m[K/opt/ros/humble/include/rclcpp/rclcpp/executor.hpp:37[m[K,
[1.616s]                  from [01m[K/opt/ros/humble/include/rclcpp/rclcpp/executors/multi_threaded_executor.hpp:25[m[K,
[1.616s]                  from [01m[K/opt/ros/humble/include/rclcpp/rclcpp/executors.hpp:21[m[K,
[1.616s]                  from [01m[K/opt/ros/humble/include/rclcpp/rclcpp/rclcpp.hpp:155[m[K,
[1.616s]                  from [01m[K/home/y/lxy_ROS2/ROS2_git/src/pk03_service_cpp/src/demo01_service.cpp:14[m[K:
[1.616s] [01m[K/home/y/lxy_ROS2/ROS2_git/src/pk03_service_cpp/src/demo01_service.cpp:35:86:[m[K [01;31m[Kerror: [m[K‚Äò[01m[Kusing element_type = struct base_interface_demo::srv::AddInts_Request_<std::allocator<void> >[m[K‚Äô {aka ‚Äò[01m[Kstruct base_interface_demo::srv::AddInts_Request_<std::allocator<void> >[m[K‚Äô} has no member named ‚Äò[01m[Knum2[m[K‚Äô; did you mean ‚Äò[01m[Knum1[m[K‚Äô?
[1.616s]    35 |       RCLCPP_INFO(this->get_logger(),"ËØ∑Ê±ÇÊï∞ÊçÆ:(%d,%d),ÂìçÂ∫îÁªìÊûú:%d", req->num1, req->[01;31m[Knum2[m[K, res->sum);
[1.616s]       |                                                                                      [01;31m[K^~~~[m[K
[1.625s] [01m[K/home/y/lxy_ROS2/ROS2_git/src/pk03_service_cpp/src/demo02_client.cpp:[m[K In member function ‚Äò[01m[Krclcpp::Client<base_interface_demo::srv::AddInts>::FutureAndRequestId MinimalClient::send_request(int32_t, int32_t)[m[K‚Äô:
[1.625s] [01m[K/home/y/lxy_ROS2/ROS2_git/src/pk03_service_cpp/src/demo02_client.cpp:47:16:[m[K [01;31m[Kerror: [m[K‚Äò[01m[Kusing element_type = struct base_interface_demo::srv::AddInts_Request_<std::allocator<void> >[m[K‚Äô {aka ‚Äò[01m[Kstruct base_interface_demo::srv::AddInts_Request_<std::allocator<void> >[m[K‚Äô} has no member named ‚Äò[01m[Knum2[m[K‚Äô; did you mean ‚Äò[01m[Knum1[m[K‚Äô?
[1.625s]    47 |       request->[01;31m[Knum2[m[K = num2;
[1.625s]       |                [01;31m[K^~~~[m[K
[1.625s]       |                [32m[Knum1[m[K
[2.047s] gmake[2]: *** [CMakeFiles/demo01_service.dir/build.make:76ÔºöCMakeFiles/demo01_service.dir/src/demo01_service.cpp.o] ÈîôËØØ 1
[2.047s] gmake[1]: *** [CMakeFiles/Makefile2:139ÔºöCMakeFiles/demo01_service.dir/all] ÈîôËØØ 2
[2.047s] gmake[1]: *** Ê≠£Âú®Á≠âÂæÖÊú™ÂÆåÊàêÁöÑ‰ªªÂä°....
[2.050s] gmake[2]: *** [CMakeFiles/demo02_client.dir/build.make:76ÔºöCMakeFiles/demo02_client.dir/src/demo02_client.cpp.o] ÈîôËØØ 1
[2.051s] gmake[1]: *** [CMakeFiles/Makefile2:165ÔºöCMakeFiles/demo02_client.dir/all] ÈîôËØØ 2
[2.051s] gmake: *** [Makefile:146Ôºöall] ÈîôËØØ 2
[2.052s] Invoked command in '/home/y/lxy_ROS2/ROS2_git/build/pk03_service_cpp' returned '2': CMAKE_PREFIX_PATH=/home/y/lxy_ROS2/ROS2_git/install/base_interface_demo:/home/y/lxy_ROS2/ROS2_git/src/install/pk03_service_cpp:/home/y/lxy_ROS2/ROS2_git/src/install/base_interface_demo:/home/y/lxy_ROS2/ROS2_git/install/pkg01_hello_cpp:/home/y/lxy_ROS2/ROS2_git/install/pk02_topic_cpp:/home/y/ROS2_Realman/install/rm_example:/home/y/ROS2_Realman/install/rm_driver:/home/y/ROS2_Realman/install/rm_control:/home/y/ROS2_Realman/install/get_arm_state:/home/y/ROS2_Realman/install/force_position_control:/home/y/ROS2_Realman/install/control_arm_move:/home/y/ROS2_Realman/install/rm_ros_interfaces:/home/y/ROS2_Realman/install/rm_install:/home/y/ROS2_Realman/install/rm_gen72_config:/home/y/ROS2_Realman/install/rm_gazebo:/home/y/ROS2_Realman/install/rm_eco65_config:/home/y/ROS2_Realman/install/rm_eco63_config:/home/y/ROS2_Realman/install/rm_doc:/home/y/ROS2_Realman/install/rm_75_config:/home/y/ROS2_Realman/install/rm_63_config:/home/y/ROS2_Realman/install/rm_description:/home/y/ROS2_Realman/install/rm_bringup:/home/y/ROS2_Realman/install/rm_65_config:/home/y/lxy_ROS2/ws00_helloworld/install/pkg01_helloworld_cpp:/home/y/lxy_ROS2/ws00_helloworld/install/pkg02_helloworld_py:/opt/ros/humble LD_LIBRARY_PATH=/home/y/lxy_ROS2/ROS2_git/install/base_interface_demo/lib:/home/y/lxy_ROS2/ROS2_git/src/install/base_interface_demo/lib:/home/y/ROS2_Realman/install/rm_ros_interfaces/lib:/usr/lib/x86_64-linux-gnu/gazebo-11/plugins:/opt/ros/humble/opt/rviz_ogre_vendor/lib:/opt/ros/humble/lib/x86_64-linux-gnu:/opt/ros/humble/lib:/usr/local/lib/ /usr/local/bin/cmake --build /home/y/lxy_ROS2/ROS2_git/build/pk03_service_cpp -- -j4 -l4
