[0.009s] Invoking command in '/home/y/lxy_ROS2/ROS2_git/build/pk02_topic_cpp': CMAKE_PREFIX_PATH=${CMAKE_PREFIX_PATH}:/home/y/lxy_ROS2/ws00_helloworld/install/pkg02_helloworld_py:/opt/ros/humble /usr/local/bin/cmake --build /home/y/lxy_ROS2/ROS2_git/build/pk02_topic_cpp -- -j4 -l4
[0.033s] [ 12%] [32mBuilding CXX object CMakeFiles/demo04_listen_stu.dir/src/demo02_listen_stu.cpp.o[0m
[0.040s] [ 25%] [32mBuilding CXX object CMakeFiles/demo01_talk_str.dir/src/demo01_talk_str.cpp.o[0m
[0.040s] [ 37%] [32mBuilding CXX object CMakeFiles/demo02_listen_str.dir/src/demo02_listen_str.cpp.o[0m
[0.041s] [ 50%] [32mBuilding CXX object CMakeFiles/demo03_talker_stu.dir/src/demo01_talk_stu.cpp.o[0m
[0.192s] [01m[K/home/y/lxy_ROS2/ROS2_git/src/pk02_topic_cpp/src/demo01_talk_stu.cpp:16:10:[m[K [01;31m[Kfatal error: [m[Kbase_interface_demo/include/Student.hpp: Ê≤°ÊúâÈÇ£‰∏™Êñá‰ª∂ÊàñÁõÆÂΩï
[0.192s]    16 | #include [01;31m[K"base_interface_demo/include/Student.hpp"[m[K
[0.192s]       |          [01;31m[K^~~~~~~~~~~~~~~~~~~~~~~~~~~~~~~~~~~~~~~~~[m[K
[0.192s] compilation terminated.
[0.198s] gmake[2]: *** [CMakeFiles/demo03_talker_stu.dir/build.make:76ÔºöCMakeFiles/demo03_talker_stu.dir/src/demo01_talk_stu.cpp.o] ÈîôËØØ 1
[0.198s] gmake[1]: *** [CMakeFiles/Makefile2:195ÔºöCMakeFiles/demo03_talker_stu.dir/all] ÈîôËØØ 2
[0.198s] gmake[1]: *** Ê≠£Âú®Á≠âÂæÖÊú™ÂÆåÊàêÁöÑ‰ªªÂä°....
[0.236s] [01m[K/home/y/lxy_ROS2/ROS2_git/src/pk02_topic_cpp/src/demo02_listen_stu.cpp:15:10:[m[K [01;31m[Kfatal error: [m[Kbase_interface_demo/msg/Stuent.hpp: Ê≤°ÊúâÈÇ£‰∏™Êñá‰ª∂ÊàñÁõÆÂΩï
[0.236s]    15 | #include [01;31m[K"base_interface_demo/msg/Stuent.hpp"[m[K
[0.236s]       |          [01;31m[K^~~~~~~~~~~~~~~~~~~~~~~~~~~~~~~~~~~~[m[K
[0.236s] compilation terminated.
[0.237s] gmake[2]: *** [CMakeFiles/demo04_listen_stu.dir/build.make:76ÔºöCMakeFiles/demo04_listen_stu.dir/src/demo02_listen_stu.cpp.o] ÈîôËØØ 1
[0.237s] gmake[1]: *** [CMakeFiles/Makefile2:221ÔºöCMakeFiles/demo04_listen_stu.dir/all] ÈîôËØØ 2
[1.611s] [01m[K/home/y/lxy_ROS2/ROS2_git/src/pk02_topic_cpp/src/demo02_listen_str.cpp:17:36:[m[K [01;31m[Kerror: [m[K‚Äò[01m[K_1[m[K‚Äô is not a namespace-name
[1.611s]    17 | using namespace std::placeholders::[01;31m[K_1[m[K;
[1.611s]       |                                    [01;31m[K^~[m[K
[1.611s] [01m[K/home/y/lxy_ROS2/ROS2_git/src/pk02_topic_cpp/src/demo02_listen_str.cpp:19:7:[m[K [01;31m[Kerror: [m[K‚Äò[01m[Kbase_interfaces_demo[m[K‚Äô has not been declared
[1.611s]    19 | using [01;31m[Kbase_interfaces_demo[m[K::msg::student;
[1.611s]       |       [01;31m[K^~~~~~~~~~~~~~~~~~~~[m[K
[1.649s] [01m[K/home/y/lxy_ROS2/ROS2_git/src/pk02_topic_cpp/src/demo02_listen_str.cpp:[m[K In constructor ‚Äò[01m[KMinialSubscriber::MinialSubscriber()[m[K‚Äô:
[1.649s] [01m[K/home/y/lxy_ROS2/ROS2_git/src/pk02_topic_cpp/src/demo02_listen_str.cpp:28:55:[m[K [01;31m[Kerror: [m[K‚Äò[01m[Kstudent[m[K‚Äô was not declared in this scope
[1.649s]    28 |             subscription_ = this->create_subscription<[01;31m[Kstudent[m[K>("topic_stu",10,std::bind(&MinialSubscriber::topic_callback, this, std::placeholders::_1));\
[1.649s]       |                                                       [01;31m[K^~~~~~~[m[K
[1.653s] [01m[K/home/y/lxy_ROS2/ROS2_git/src/pk02_topic_cpp/src/demo02_listen_str.cpp:28:63:[m[K [01;31m[Kerror: [m[Kno matching function for call to ‚Äò[01m[KMinialSubscriber::create_subscription<<expression error> >(const char [10], int, std::_Bind_helper<false, void (MinialSubscriber::*)(const std_msgs::msg::String_<std::allocator<void> >&) const, MinialSubscriber*, const std::_Placeholder<1>&>::type)[m[K‚Äô
[1.653s]    28 |             subscription_ = [01;31m[Kthis->create_subscription<student>("topic_stu",10,std::bind(&MinialSubscriber::topic_callback, this, std::placeholders::_1))[m[K;\
[1.653s]       |                             [01;31m[K~~~~~~~~~~~~~~~~~~~~~~~~~~~~~~~~~~^~~~~~~~~~~~~~~~~~~~~~~~~~~~~~~~~~~~~~~~~~~~~~~~~~~~~~~~~~~~~~~~~~~~~~~~~~~~~~~~~~~~~~~~~~[m[K
[1.653s] In file included from [01m[K/opt/ros/humble/include/rclcpp/rclcpp/executors/single_threaded_executor.hpp:28[m[K,
[1.653s]                  from [01m[K/opt/ros/humble/include/rclcpp/rclcpp/executors.hpp:22[m[K,
[1.653s]                  from [01m[K/opt/ros/humble/include/rclcpp/rclcpp/rclcpp.hpp:155[m[K,
[1.653s]                  from [01m[K/home/y/lxy_ROS2/ROS2_git/src/pk02_topic_cpp/src/demo02_listen_str.cpp:14[m[K:
[1.653s] [01m[K/opt/ros/humble/include/rclcpp/rclcpp/node.hpp:219:3:[m[K [01;36m[Knote: [m[Kcandidate: ‚Äò[01m[Ktemplate<class MessageT, class CallbackT, class AllocatorT, class SubscriptionT, class MessageMemoryStrategyT> std::shared_ptr<ROSMessageT> rclcpp::Node::create_subscription(const string&, const rclcpp::QoS&, CallbackT&&, const rclcpp::SubscriptionOptionsWithAllocator<AllocatorT>&, typename MessageMemoryStrategyT::SharedPtr)[m[K‚Äô
[1.653s]   219 |   [01;36m[Kcreate_subscription[m[K(
[1.653s]       |   [01;36m[K^~~~~~~~~~~~~~~~~~~[m[K
[1.653s] [01m[K/opt/ros/humble/include/rclcpp/rclcpp/node.hpp:219:3:[m[K [01;36m[Knote: [m[K  template argument deduction/substitution failed:
[1.653s] [01m[K/home/y/lxy_ROS2/ROS2_git/src/pk02_topic_cpp/src/demo02_listen_str.cpp:28:63:[m[K [01;31m[Kerror: [m[Ktemplate argument 1 is invalid
[1.653s]    28 |             subscription_ = [01;31m[Kthis->create_subscription<student>("topic_stu",10,std::bind(&MinialSubscriber::topic_callback, this, std::placeholders::_1))[m[K;\
[1.653s]       |                             [01;31m[K~~~~~~~~~~~~~~~~~~~~~~~~~~~~~~~~~~^~~~~~~~~~~~~~~~~~~~~~~~~~~~~~~~~~~~~~~~~~~~~~~~~~~~~~~~~~~~~~~~~~~~~~~~~~~~~~~~~~~~~~~~~~[m[K
[1.653s] In file included from [01m[K/opt/ros/humble/include/rclcpp/rclcpp/logging.hpp:24[m[K,
[1.653s]                  from [01m[K/opt/ros/humble/include/rclcpp/rclcpp/client.hpp:40[m[K,
[1.653s]                  from [01m[K/opt/ros/humble/include/rclcpp/rclcpp/callback_group.hpp:24[m[K,
[1.654s]                  from [01m[K/opt/ros/humble/include/rclcpp/rclcpp/any_executable.hpp:20[m[K,
[1.654s]                  from [01m[K/opt/ros/humble/include/rclcpp/rclcpp/memory_strategy.hpp:25[m[K,
[1.654s]                  from [01m[K/opt/ros/humble/include/rclcpp/rclcpp/memory_strategies.hpp:18[m[K,
[1.654s]                  from [01m[K/opt/ros/humble/include/rclcpp/rclcpp/executor_options.hpp:20[m[K,
[1.654s]                  from [01m[K/opt/ros/humble/include/rclcpp/rclcpp/executor.hpp:37[m[K,
[1.654s]                  from [01m[K/opt/ros/humble/include/rclcpp/rclcpp/executors/multi_threaded_executor.hpp:25[m[K,
[1.654s]                  from [01m[K/opt/ros/humble/include/rclcpp/rclcpp/executors.hpp:21[m[K,
[1.655s]                  from [01m[K/opt/ros/humble/include/rclcpp/rclcpp/rclcpp.hpp:155[m[K,
[1.655s]                  from [01m[K/home/y/lxy_ROS2/ROS2_git/src/pk02_topic_cpp/src/demo02_listen_str.cpp:14[m[K:
[1.655s] [01m[K/home/y/lxy_ROS2/ROS2_git/src/pk02_topic_cpp/src/demo02_listen_str.cpp:[m[K In member function ‚Äò[01m[Kvoid MinialSubscriber::topic_callback(const String&) const[m[K‚Äô:
[1.655s] [01m[K/home/y/lxy_ROS2/ROS2_git/src/pk02_topic_cpp/src/demo02_listen_str.cpp:36:106:[m[K [01;31m[Kerror: [m[K‚Äò[01m[Kconst String[m[K‚Äô {aka ‚Äò[01m[Kconst struct std_msgs::msg::String_<std::allocator<void> >[m[K‚Äô} has no member named ‚Äò[01m[Kname[m[K‚Äô
[1.655s]    36 |             RCLCPP_INFO(this->get_logger(), "ËÆ¢ÈòÖÁöÑÂ≠¶ÁîüÊ∂àÊÅØÔºöname=%s,age=%d,height=%.2f,weight=%.2f",msg.[01;31m[Kname[m[K.c_str(),msg.age,msg.height);
[1.655s]       |                                                                                                          [01;31m[K^~~~[m[K
[1.655s] [01m[K/home/y/lxy_ROS2/ROS2_git/src/pk02_topic_cpp/src/demo02_listen_str.cpp:36:123:[m[K [01;31m[Kerror: [m[K‚Äò[01m[Kconst String[m[K‚Äô {aka ‚Äò[01m[Kconst struct std_msgs::msg::String_<std::allocator<void> >[m[K‚Äô} has no member named ‚Äò[01m[Kage[m[K‚Äô
[1.655s]    36 |             RCLCPP_INFO(this->get_logger(), "ËÆ¢ÈòÖÁöÑÂ≠¶ÁîüÊ∂àÊÅØÔºöname=%s,age=%d,height=%.2f,weight=%.2f",msg.name.c_str(),msg.[01;31m[Kage[m[K,msg.height);
[1.655s]       |                                                                                                                           [01;31m[K^~~[m[K
[1.656s] [01m[K/home/y/lxy_ROS2/ROS2_git/src/pk02_topic_cpp/src/demo02_listen_str.cpp:36:131:[m[K [01;31m[Kerror: [m[K‚Äò[01m[Kconst String[m[K‚Äô {aka ‚Äò[01m[Kconst struct std_msgs::msg::String_<std::allocator<void> >[m[K‚Äô} has no member named ‚Äò[01m[Kheight[m[K‚Äô
[1.656s]    36 |             RCLCPP_INFO(this->get_logger(), "ËÆ¢ÈòÖÁöÑÂ≠¶ÁîüÊ∂àÊÅØÔºöname=%s,age=%d,height=%.2f,weight=%.2f",msg.name.c_str(),msg.age,msg.[01;31m[Kheight[m[K);
[1.656s]       |                                                                                                                                   [01;31m[K^~~~~~[m[K
[1.702s] [01m[K/home/y/lxy_ROS2/ROS2_git/src/pk02_topic_cpp/src/demo01_talk_str.cpp:19:7:[m[K [01;31m[Kerror: [m[K‚Äò[01m[Kbase_interfaces_demo[m[K‚Äô has not been declared
[1.702s]    19 | using [01;31m[Kbase_interfaces_demo[m[K::msg::Student;
[1.703s]       |       [01;31m[K^~~~~~~~~~~~~~~~~~~~[m[K
[1.711s] [01m[K/home/y/lxy_ROS2/ROS2_git/src/pk02_topic_cpp/src/demo01_talk_str.cpp:[m[K In constructor ‚Äò[01m[KMinimalPublisher::MinimalPublisher()[m[K‚Äô:
[1.711s] [01m[K/home/y/lxy_ROS2/ROS2_git/src/pk02_topic_cpp/src/demo01_talk_str.cpp:30:49:[m[K [01;31m[Kerror: [m[K‚Äò[01m[KStudent[m[K‚Äô was not declared in this scope
[1.711s]    30 |             publisher_ = this->create_publisher<[01;31m[KStudent[m[K>("topic_str", 10);
[1.711s]       |                                                 [01;31m[K^~~~~~~[m[K
[1.711s] [01m[K/home/y/lxy_ROS2/ROS2_git/src/pk02_topic_cpp/src/demo01_talk_str.cpp:30:57:[m[K [01;31m[Kerror: [m[Kno matching function for call to ‚Äò[01m[KMinimalPublisher::create_publisher<<expression error> >(const char [10], int)[m[K‚Äô
[1.711s]    30 |             publisher_ = [01;31m[Kthis->create_publisher<Student>("topic_str", 10)[m[K;
[1.711s]       |                          [01;31m[K~~~~~~~~~~~~~~~~~~~~~~~~~~~~~~~^~~~~~~~~~~~~~~~~[m[K
[1.711s] In file included from [01m[K/opt/ros/humble/include/rclcpp/rclcpp/executors/single_threaded_executor.hpp:28[m[K,
[1.711s]                  from [01m[K/opt/ros/humble/include/rclcpp/rclcpp/executors.hpp:22[m[K,
[1.711s]                  from [01m[K/opt/ros/humble/include/rclcpp/rclcpp/rclcpp.hpp:155[m[K,
[1.711s]                  from [01m[K/home/y/lxy_ROS2/ROS2_git/src/pk02_topic_cpp/src/demo01_talk_str.cpp:15[m[K:
[1.711s] [01m[K/opt/ros/humble/include/rclcpp/rclcpp/node.hpp:195:3:[m[K [01;36m[Knote: [m[Kcandidate: ‚Äò[01m[Ktemplate<class MessageT, class AllocatorT, class PublisherT> std::shared_ptr<PublisherT> rclcpp::Node::create_publisher(const string&, const rclcpp::QoS&, const rclcpp::PublisherOptionsWithAllocator<AllocatorT>&)[m[K‚Äô
[1.711s]   195 |   [01;36m[Kcreate_publisher[m[K(
[1.711s]       |   [01;36m[K^~~~~~~~~~~~~~~~[m[K
[1.711s] [01m[K/opt/ros/humble/include/rclcpp/rclcpp/node.hpp:195:3:[m[K [01;36m[Knote: [m[K  template argument deduction/substitution failed:
[1.711s] [01m[K/home/y/lxy_ROS2/ROS2_git/src/pk02_topic_cpp/src/demo01_talk_str.cpp:30:57:[m[K [01;31m[Kerror: [m[Ktemplate argument 1 is invalid
[1.711s]    30 |             publisher_ = [01;31m[Kthis->create_publisher<Student>("topic_str", 10)[m[K;
[1.711s]       |                          [01;31m[K~~~~~~~~~~~~~~~~~~~~~~~~~~~~~~~^~~~~~~~~~~~~~~~~[m[K
[1.722s] [01m[K/home/y/lxy_ROS2/ROS2_git/src/pk02_topic_cpp/src/demo01_talk_str.cpp:[m[K In member function ‚Äò[01m[Kvoid MinimalPublisher::timer_callback()[m[K‚Äô:
[1.722s] [01m[K/home/y/lxy_ROS2/ROS2_git/src/pk02_topic_cpp/src/demo01_talk_str.cpp:53:33:[m[K [01;31m[Kerror: [m[K‚Äò[01m[Kstu[m[K‚Äô was not declared in this scope; did you mean ‚Äò[01m[Kstd[m[K‚Äô?
[1.722s]    53 |             publisher_->publish([01;31m[Kstu[m[K);
[1.722s]       |                                 [01;31m[K^~~[m[K
[1.722s]       |                                 [32m[Kstd[m[K
[1.968s] gmake[2]: *** [CMakeFiles/demo02_listen_str.dir/build.make:76ÔºöCMakeFiles/demo02_listen_str.dir/src/demo02_listen_str.cpp.o] ÈîôËØØ 1
[1.968s] gmake[1]: *** [CMakeFiles/Makefile2:169ÔºöCMakeFiles/demo02_listen_str.dir/all] ÈîôËØØ 2
[2.057s] gmake[2]: *** [CMakeFiles/demo01_talk_str.dir/build.make:76ÔºöCMakeFiles/demo01_talk_str.dir/src/demo01_talk_str.cpp.o] ÈîôËØØ 1
[2.058s] gmake[1]: *** [CMakeFiles/Makefile2:143ÔºöCMakeFiles/demo01_talk_str.dir/all] ÈîôËØØ 2
[2.058s] gmake: *** [Makefile:146Ôºöall] ÈîôËØØ 2
[2.060s] Invoked command in '/home/y/lxy_ROS2/ROS2_git/build/pk02_topic_cpp' returned '2': CMAKE_PREFIX_PATH=${CMAKE_PREFIX_PATH}:/home/y/lxy_ROS2/ws00_helloworld/install/pkg02_helloworld_py:/opt/ros/humble /usr/local/bin/cmake --build /home/y/lxy_ROS2/ROS2_git/build/pk02_topic_cpp -- -j4 -l4
