[0.009s] Invoking command in '/home/y/lxy_ROS2/ROS2_git/build/pk02_topic_cpp': CMAKE_PREFIX_PATH=${CMAKE_PREFIX_PATH}:/home/y/lxy_ROS2/ws00_helloworld/install/pkg02_helloworld_py:/opt/ros/humble /usr/local/bin/cmake --build /home/y/lxy_ROS2/ROS2_git/build/pk02_topic_cpp -- -j4 -l4
[0.024s] -- Found ament_cmake: 1.3.10 (/opt/ros/humble/share/ament_cmake/cmake)
[0.091s] -- Found rclcpp: 16.0.10 (/opt/ros/humble/share/rclcpp/cmake)
[0.113s] -- Found rosidl_generator_c: 3.1.5 (/opt/ros/humble/share/rosidl_generator_c/cmake)
[0.114s] -- Found rosidl_adapter: 3.1.5 (/opt/ros/humble/share/rosidl_adapter/cmake)
[0.119s] -- Found rosidl_generator_cpp: 3.1.5 (/opt/ros/humble/share/rosidl_generator_cpp/cmake)
[0.127s] -- Using all available rosidl_typesupport_c: rosidl_typesupport_fastrtps_c;rosidl_typesupport_introspection_c
[0.137s] -- Using all available rosidl_typesupport_cpp: rosidl_typesupport_fastrtps_cpp;rosidl_typesupport_introspection_cpp
[0.163s] -- Found rmw_implementation_cmake: 6.1.2 (/opt/ros/humble/share/rmw_implementation_cmake/cmake)
[0.164s] -- Found rmw_fastrtps_cpp: 6.2.7 (/opt/ros/humble/share/rmw_fastrtps_cpp/cmake)
[0.248s] -- Using RMW implementation 'rmw_fastrtps_cpp' as default
[0.290s] -- Found base_interface_demo: 0.0.0 (/home/y/lxy_ROS2/ROS2_git/install/base_interface_demo/share/base_interface_demo/cmake)
[0.303s] -- Found ament_lint_auto: 0.12.11 (/opt/ros/humble/share/ament_lint_auto/cmake)
[0.353s] -- Added test 'cppcheck' to perform static code analysis on C / C++ code
[0.353s] -- Configured cppcheck include dirs: 
[0.353s] -- Configured cppcheck exclude dirs and/or files: 
[0.354s] -- Added test 'lint_cmake' to check CMake code style
[0.354s] -- Added test 'uncrustify' to check C / C++ code style
[0.354s] -- Configured uncrustify additional arguments: 
[0.354s] -- Added test 'xmllint' to check XML markup files
[0.355s] -- Configuring done (0.3s)
[0.368s] -- Generating done (0.0s)
[0.370s] -- Build files have been written to: /home/y/lxy_ROS2/ROS2_git/build/pk02_topic_cpp
[0.391s] [ 12%] [32mBuilding CXX object CMakeFiles/demo03_talker_stu.dir/src/demo01_talk_stu.cpp.o[0m
[0.394s] [ 25%] [32mBuilding CXX object CMakeFiles/demo04_listen_stu.dir/src/demo02_listen_stu.cpp.o[0m
[0.402s] [ 37%] [32mBuilding CXX object CMakeFiles/demo02_listen_str.dir/src/demo02_listen_str.cpp.o[0m
[0.405s] [ 50%] [32mBuilding CXX object CMakeFiles/demo01_talk_str.dir/src/demo01_talk_str.cpp.o[0m
[0.637s] [01m[K/home/y/lxy_ROS2/ROS2_git/src/pk02_topic_cpp/src/demo01_talk_stu.cpp:16:10:[m[K [01;31m[Kfatal error: [m[Kbase_interface_demo/msg/Student.hpp: Ê≤°ÊúâÈÇ£‰∏™Êñá‰ª∂ÊàñÁõÆÂΩï
[0.638s]    16 | #include [01;31m[K"base_interface_demo/msg/Student.hpp"[m[K
[0.638s]       |          [01;31m[K^~~~~~~~~~~~~~~~~~~~~~~~~~~~~~~~~~~~~[m[K
[0.638s] compilation terminated.
[0.638s] [01m[K/home/y/lxy_ROS2/ROS2_git/src/pk02_topic_cpp/src/demo02_listen_stu.cpp:15:10:[m[K [01;31m[Kfatal error: [m[Kbase_interface_demo/msg/Stuent.hpp: Ê≤°ÊúâÈÇ£‰∏™Êñá‰ª∂ÊàñÁõÆÂΩï
[0.639s]    15 | #include [01;31m[K"base_interface_demo/msg/Stuent.hpp"[m[K
[0.639s]       |          [01;31m[K^~~~~~~~~~~~~~~~~~~~~~~~~~~~~~~~~~~~[m[K
[0.639s] compilation terminated.
[0.639s] gmake[2]: *** [CMakeFiles/demo03_talker_stu.dir/build.make:76ÔºöCMakeFiles/demo03_talker_stu.dir/src/demo01_talk_stu.cpp.o] ÈîôËØØ 1
[0.639s] gmake[2]: *** [CMakeFiles/demo04_listen_stu.dir/build.make:76ÔºöCMakeFiles/demo04_listen_stu.dir/src/demo02_listen_stu.cpp.o] ÈîôËØØ 1
[0.639s] gmake[1]: *** [CMakeFiles/Makefile2:195ÔºöCMakeFiles/demo03_talker_stu.dir/all] ÈîôËØØ 2
[0.639s] gmake[1]: *** Ê≠£Âú®Á≠âÂæÖÊú™ÂÆåÊàêÁöÑ‰ªªÂä°....
[0.639s] gmake[1]: *** [CMakeFiles/Makefile2:221ÔºöCMakeFiles/demo04_listen_stu.dir/all] ÈîôËØØ 2
[2.085s] [01m[K/home/y/lxy_ROS2/ROS2_git/src/pk02_topic_cpp/src/demo01_talk_str.cpp:19:7:[m[K [01;31m[Kerror: [m[K‚Äò[01m[Kbase_interfaces_demo[m[K‚Äô has not been declared
[2.085s]    19 | using [01;31m[Kbase_interfaces_demo[m[K::msg::Student;
[2.085s]       |       [01;31m[K^~~~~~~~~~~~~~~~~~~~[m[K
[2.096s] [01m[K/home/y/lxy_ROS2/ROS2_git/src/pk02_topic_cpp/src/demo01_talk_str.cpp:[m[K In constructor ‚Äò[01m[KMinimalPublisher::MinimalPublisher()[m[K‚Äô:
[2.096s] [01m[K/home/y/lxy_ROS2/ROS2_git/src/pk02_topic_cpp/src/demo01_talk_str.cpp:30:49:[m[K [01;31m[Kerror: [m[K‚Äò[01m[KStudent[m[K‚Äô was not declared in this scope
[2.096s]    30 |             publisher_ = this->create_publisher<[01;31m[KStudent[m[K>("topic_str", 10);
[2.096s]       |                                                 [01;31m[K^~~~~~~[m[K
[2.097s] [01m[K/home/y/lxy_ROS2/ROS2_git/src/pk02_topic_cpp/src/demo01_talk_str.cpp:30:57:[m[K [01;31m[Kerror: [m[Kno matching function for call to ‚Äò[01m[KMinimalPublisher::create_publisher<<expression error> >(const char [10], int)[m[K‚Äô
[2.097s]    30 |             publisher_ = [01;31m[Kthis->create_publisher<Student>("topic_str", 10)[m[K;
[2.097s]       |                          [01;31m[K~~~~~~~~~~~~~~~~~~~~~~~~~~~~~~~^~~~~~~~~~~~~~~~~[m[K
[2.097s] In file included from [01m[K/opt/ros/humble/include/rclcpp/rclcpp/executors/single_threaded_executor.hpp:28[m[K,
[2.097s]                  from [01m[K/opt/ros/humble/include/rclcpp/rclcpp/executors.hpp:22[m[K,
[2.097s]                  from [01m[K/opt/ros/humble/include/rclcpp/rclcpp/rclcpp.hpp:155[m[K,
[2.097s]                  from [01m[K/home/y/lxy_ROS2/ROS2_git/src/pk02_topic_cpp/src/demo01_talk_str.cpp:15[m[K:
[2.097s] [01m[K/opt/ros/humble/include/rclcpp/rclcpp/node.hpp:195:3:[m[K [01;36m[Knote: [m[Kcandidate: ‚Äò[01m[Ktemplate<class MessageT, class AllocatorT, class PublisherT> std::shared_ptr<PublisherT> rclcpp::Node::create_publisher(const string&, const rclcpp::QoS&, const rclcpp::PublisherOptionsWithAllocator<AllocatorT>&)[m[K‚Äô
[2.097s]   195 |   [01;36m[Kcreate_publisher[m[K(
[2.097s]       |   [01;36m[K^~~~~~~~~~~~~~~~[m[K
[2.097s] [01m[K/opt/ros/humble/include/rclcpp/rclcpp/node.hpp:195:3:[m[K [01;36m[Knote: [m[K  template argument deduction/substitution failed:
[2.097s] [01m[K/home/y/lxy_ROS2/ROS2_git/src/pk02_topic_cpp/src/demo01_talk_str.cpp:30:57:[m[K [01;31m[Kerror: [m[Ktemplate argument 1 is invalid
[2.097s]    30 |             publisher_ = [01;31m[Kthis->create_publisher<Student>("topic_str", 10)[m[K;
[2.097s]       |                          [01;31m[K~~~~~~~~~~~~~~~~~~~~~~~~~~~~~~~^~~~~~~~~~~~~~~~~[m[K
[2.108s] [01m[K/home/y/lxy_ROS2/ROS2_git/src/pk02_topic_cpp/src/demo01_talk_str.cpp:[m[K In member function ‚Äò[01m[Kvoid MinimalPublisher::timer_callback()[m[K‚Äô:
[2.108s] [01m[K/home/y/lxy_ROS2/ROS2_git/src/pk02_topic_cpp/src/demo01_talk_str.cpp:53:33:[m[K [01;31m[Kerror: [m[K‚Äò[01m[Kstu[m[K‚Äô was not declared in this scope; did you mean ‚Äò[01m[Kstd[m[K‚Äô?
[2.108s]    53 |             publisher_->publish([01;31m[Kstu[m[K);
[2.108s]       |                                 [01;31m[K^~~[m[K
[2.108s]       |                                 [32m[Kstd[m[K
[2.132s] [01m[K/home/y/lxy_ROS2/ROS2_git/src/pk02_topic_cpp/src/demo02_listen_str.cpp:17:36:[m[K [01;31m[Kerror: [m[K‚Äò[01m[K_1[m[K‚Äô is not a namespace-name
[2.132s]    17 | using namespace std::placeholders::[01;31m[K_1[m[K;
[2.132s]       |                                    [01;31m[K^~[m[K
[2.132s] [01m[K/home/y/lxy_ROS2/ROS2_git/src/pk02_topic_cpp/src/demo02_listen_str.cpp:19:7:[m[K [01;31m[Kerror: [m[K‚Äò[01m[Kbase_interfaces_demo[m[K‚Äô has not been declared
[2.132s]    19 | using [01;31m[Kbase_interfaces_demo[m[K::msg::student;
[2.132s]       |       [01;31m[K^~~~~~~~~~~~~~~~~~~~[m[K
[2.167s] [01m[K/home/y/lxy_ROS2/ROS2_git/src/pk02_topic_cpp/src/demo02_listen_str.cpp:[m[K In constructor ‚Äò[01m[KMinialSubscriber::MinialSubscriber()[m[K‚Äô:
[2.167s] [01m[K/home/y/lxy_ROS2/ROS2_git/src/pk02_topic_cpp/src/demo02_listen_str.cpp:28:55:[m[K [01;31m[Kerror: [m[K‚Äò[01m[Kstudent[m[K‚Äô was not declared in this scope
[2.167s]    28 |             subscription_ = this->create_subscription<[01;31m[Kstudent[m[K>("topic_stu",10,std::bind(&MinialSubscriber::topic_callback, this, std::placeholders::_1));\
[2.167s]       |                                                       [01;31m[K^~~~~~~[m[K
[2.170s] [01m[K/home/y/lxy_ROS2/ROS2_git/src/pk02_topic_cpp/src/demo02_listen_str.cpp:28:63:[m[K [01;31m[Kerror: [m[Kno matching function for call to ‚Äò[01m[KMinialSubscriber::create_subscription<<expression error> >(const char [10], int, std::_Bind_helper<false, void (MinialSubscriber::*)(const std_msgs::msg::String_<std::allocator<void> >&) const, MinialSubscriber*, const std::_Placeholder<1>&>::type)[m[K‚Äô
[2.170s]    28 |             subscription_ = [01;31m[Kthis->create_subscription<student>("topic_stu",10,std::bind(&MinialSubscriber::topic_callback, this, std::placeholders::_1))[m[K;\
[2.171s]       |                             [01;31m[K~~~~~~~~~~~~~~~~~~~~~~~~~~~~~~~~~~^~~~~~~~~~~~~~~~~~~~~~~~~~~~~~~~~~~~~~~~~~~~~~~~~~~~~~~~~~~~~~~~~~~~~~~~~~~~~~~~~~~~~~~~~~[m[K
[2.171s] In file included from [01m[K/opt/ros/humble/include/rclcpp/rclcpp/executors/single_threaded_executor.hpp:28[m[K,
[2.171s]                  from [01m[K/opt/ros/humble/include/rclcpp/rclcpp/executors.hpp:22[m[K,
[2.171s]                  from [01m[K/opt/ros/humble/include/rclcpp/rclcpp/rclcpp.hpp:155[m[K,
[2.171s]                  from [01m[K/home/y/lxy_ROS2/ROS2_git/src/pk02_topic_cpp/src/demo02_listen_str.cpp:14[m[K:
[2.171s] [01m[K/opt/ros/humble/include/rclcpp/rclcpp/node.hpp:219:3:[m[K [01;36m[Knote: [m[Kcandidate: ‚Äò[01m[Ktemplate<class MessageT, class CallbackT, class AllocatorT, class SubscriptionT, class MessageMemoryStrategyT> std::shared_ptr<ROSMessageT> rclcpp::Node::create_subscription(const string&, const rclcpp::QoS&, CallbackT&&, const rclcpp::SubscriptionOptionsWithAllocator<AllocatorT>&, typename MessageMemoryStrategyT::SharedPtr)[m[K‚Äô
[2.171s]   219 |   [01;36m[Kcreate_subscription[m[K(
[2.171s]       |   [01;36m[K^~~~~~~~~~~~~~~~~~~[m[K
[2.171s] [01m[K/opt/ros/humble/include/rclcpp/rclcpp/node.hpp:219:3:[m[K [01;36m[Knote: [m[K  template argument deduction/substitution failed:
[2.171s] [01m[K/home/y/lxy_ROS2/ROS2_git/src/pk02_topic_cpp/src/demo02_listen_str.cpp:28:63:[m[K [01;31m[Kerror: [m[Ktemplate argument 1 is invalid
[2.171s]    28 |             subscription_ = [01;31m[Kthis->create_subscription<student>("topic_stu",10,std::bind(&MinialSubscriber::topic_callback, this, std::placeholders::_1))[m[K;\
[2.171s]       |                             [01;31m[K~~~~~~~~~~~~~~~~~~~~~~~~~~~~~~~~~~^~~~~~~~~~~~~~~~~~~~~~~~~~~~~~~~~~~~~~~~~~~~~~~~~~~~~~~~~~~~~~~~~~~~~~~~~~~~~~~~~~~~~~~~~~[m[K
[2.172s] In file included from [01m[K/opt/ros/humble/include/rclcpp/rclcpp/logging.hpp:24[m[K,
[2.172s]                  from [01m[K/opt/ros/humble/include/rclcpp/rclcpp/client.hpp:40[m[K,
[2.172s]                  from [01m[K/opt/ros/humble/include/rclcpp/rclcpp/callback_group.hpp:24[m[K,
[2.172s]                  from [01m[K/opt/ros/humble/include/rclcpp/rclcpp/any_executable.hpp:20[m[K,
[2.172s]                  from [01m[K/opt/ros/humble/include/rclcpp/rclcpp/memory_strategy.hpp:25[m[K,
[2.172s]                  from [01m[K/opt/ros/humble/include/rclcpp/rclcpp/memory_strategies.hpp:18[m[K,
[2.172s]                  from [01m[K/opt/ros/humble/include/rclcpp/rclcpp/executor_options.hpp:20[m[K,
[2.172s]                  from [01m[K/opt/ros/humble/include/rclcpp/rclcpp/executor.hpp:37[m[K,
[2.172s]                  from [01m[K/opt/ros/humble/include/rclcpp/rclcpp/executors/multi_threaded_executor.hpp:25[m[K,
[2.172s]                  from [01m[K/opt/ros/humble/include/rclcpp/rclcpp/executors.hpp:21[m[K,
[2.172s]                  from [01m[K/opt/ros/humble/include/rclcpp/rclcpp/rclcpp.hpp:155[m[K,
[2.172s]                  from [01m[K/home/y/lxy_ROS2/ROS2_git/src/pk02_topic_cpp/src/demo02_listen_str.cpp:14[m[K:
[2.172s] [01m[K/home/y/lxy_ROS2/ROS2_git/src/pk02_topic_cpp/src/demo02_listen_str.cpp:[m[K In member function ‚Äò[01m[Kvoid MinialSubscriber::topic_callback(const String&) const[m[K‚Äô:
[2.172s] [01m[K/home/y/lxy_ROS2/ROS2_git/src/pk02_topic_cpp/src/demo02_listen_str.cpp:36:106:[m[K [01;31m[Kerror: [m[K‚Äò[01m[Kconst String[m[K‚Äô {aka ‚Äò[01m[Kconst struct std_msgs::msg::String_<std::allocator<void> >[m[K‚Äô} has no member named ‚Äò[01m[Kname[m[K‚Äô
[2.172s]    36 |             RCLCPP_INFO(this->get_logger(), "ËÆ¢ÈòÖÁöÑÂ≠¶ÁîüÊ∂àÊÅØÔºöname=%s,age=%d,height=%.2f,weight=%.2f",msg.[01;31m[Kname[m[K.c_str(),msg.age,msg.height);
[2.172s]       |                                                                                                          [01;31m[K^~~~[m[K
[2.172s] [01m[K/home/y/lxy_ROS2/ROS2_git/src/pk02_topic_cpp/src/demo02_listen_str.cpp:36:123:[m[K [01;31m[Kerror: [m[K‚Äò[01m[Kconst String[m[K‚Äô {aka ‚Äò[01m[Kconst struct std_msgs::msg::String_<std::allocator<void> >[m[K‚Äô} has no member named ‚Äò[01m[Kage[m[K‚Äô
[2.172s]    36 |             RCLCPP_INFO(this->get_logger(), "ËÆ¢ÈòÖÁöÑÂ≠¶ÁîüÊ∂àÊÅØÔºöname=%s,age=%d,height=%.2f,weight=%.2f",msg.name.c_str(),msg.[01;31m[Kage[m[K,msg.height);
[2.173s]       |                                                                                                                           [01;31m[K^~~[m[K
[2.173s] [01m[K/home/y/lxy_ROS2/ROS2_git/src/pk02_topic_cpp/src/demo02_listen_str.cpp:36:131:[m[K [01;31m[Kerror: [m[K‚Äò[01m[Kconst String[m[K‚Äô {aka ‚Äò[01m[Kconst struct std_msgs::msg::String_<std::allocator<void> >[m[K‚Äô} has no member named ‚Äò[01m[Kheight[m[K‚Äô
[2.173s]    36 |             RCLCPP_INFO(this->get_logger(), "ËÆ¢ÈòÖÁöÑÂ≠¶ÁîüÊ∂àÊÅØÔºöname=%s,age=%d,height=%.2f,weight=%.2f",msg.name.c_str(),msg.age,msg.[01;31m[Kheight[m[K);
[2.173s]       |                                                                                                                                   [01;31m[K^~~~~~[m[K
[2.465s] gmake[2]: *** [CMakeFiles/demo01_talk_str.dir/build.make:76ÔºöCMakeFiles/demo01_talk_str.dir/src/demo01_talk_str.cpp.o] ÈîôËØØ 1
[2.465s] gmake[1]: *** [CMakeFiles/Makefile2:143ÔºöCMakeFiles/demo01_talk_str.dir/all] ÈîôËØØ 2
[2.508s] gmake[2]: *** [CMakeFiles/demo02_listen_str.dir/build.make:76ÔºöCMakeFiles/demo02_listen_str.dir/src/demo02_listen_str.cpp.o] ÈîôËØØ 1
[2.508s] gmake[1]: *** [CMakeFiles/Makefile2:169ÔºöCMakeFiles/demo02_listen_str.dir/all] ÈîôËØØ 2
[2.508s] gmake: *** [Makefile:146Ôºöall] ÈîôËØØ 2
[2.510s] Invoked command in '/home/y/lxy_ROS2/ROS2_git/build/pk02_topic_cpp' returned '2': CMAKE_PREFIX_PATH=${CMAKE_PREFIX_PATH}:/home/y/lxy_ROS2/ws00_helloworld/install/pkg02_helloworld_py:/opt/ros/humble /usr/local/bin/cmake --build /home/y/lxy_ROS2/ROS2_git/build/pk02_topic_cpp -- -j4 -l4
